<?xml version="1.0" encoding="UTF-8"?>
<testsuite name="agh.ics.oop.GrassFieldTest" tests="1" skipped="0" failures="0" errors="0" timestamp="2021-12-08T19:28:06" hostname="LAPTOP-RRFVDHBE" time="0.086">
  <properties/>
  <testcase name="placeTest()" classname="agh.ics.oop.GrassFieldTest" time="0.086"/>
  <system-out><![CDATA[]]></system-out>
  <system-err><![CDATA[]]></system-err>
</testsuite>
