<?xml version="1.0" encoding="UTF-8"?>
<testsuite name="agh.ics.oop.AnimalTest" tests="2" skipped="0" failures="0" errors="0" timestamp="2021-11-03T19:47:14" hostname="LAPTOP-RRFVDHBE" time="0.066">
  <properties/>
  <testcase name="parserTest()" classname="agh.ics.oop.AnimalTest" time="0.056"/>
  <testcase name="movementTest()" classname="agh.ics.oop.AnimalTest" time="0.008"/>
  <system-out><![CDATA[]]></system-out>
  <system-err><![CDATA[]]></system-err>
</testsuite>
