<?xml version="1.0" encoding="UTF-8"?>
<testsuite name="agh.ics.oop.GrassFieldTest" tests="1" skipped="0" failures="0" errors="0" timestamp="2021-12-01T16:34:13" hostname="LAPTOP-RRFVDHBE" time="0.169">
  <properties/>
  <testcase name="canMoveToTest()" classname="agh.ics.oop.GrassFieldTest" time="0.169"/>
  <system-out><![CDATA[ y\x  0 1 2 3 4 5 6
  7: ---------------
  6: |*| | | | | | |
  5: | | | | | | | |
  4: | | | |*| | | |
  3: | | | | | | |*|
  2: | | |*| | | | |
  1: | | | | | | | |
  0: | | |*| | | | |
 -1: ---------------

]]></system-out>
  <system-err><![CDATA[]]></system-err>
</testsuite>
