<?xml version="1.0" encoding="UTF-8"?>
<testsuite name="agh.ics.oop.SimulationEngineTest" tests="1" skipped="0" failures="0" errors="0" timestamp="2021-11-11T00:59:48" hostname="LAPTOP-RRFVDHBE" time="0.043">
  <properties/>
  <testcase name="movementTest()" classname="agh.ics.oop.SimulationEngineTest" time="0.043"/>
  <system-out><![CDATA[]]></system-out>
  <system-err><![CDATA[]]></system-err>
</testsuite>
